[debug] [2020-01-21T11:50:11.860Z] ----------------------------------------------------------------------
[debug] [2020-01-21T11:50:11.863Z] Command:       /usr/local/bin/node /usr/local/bin/firebase init
[debug] [2020-01-21T11:50:11.863Z] CLI Version:   7.12.0
[debug] [2020-01-21T11:50:11.863Z] Platform:      darwin
[debug] [2020-01-21T11:50:11.863Z] Node Version:  v10.15.3
[debug] [2020-01-21T11:50:11.864Z] Time:          Tue Jan 21 2020 17:20:11 GMT+0530 (India Standard Time)
[debug] [2020-01-21T11:50:11.864Z] ----------------------------------------------------------------------
[debug] [2020-01-21T11:50:11.864Z] 
[debug] [2020-01-21T11:50:11.901Z] > command requires scopes: ["email","openid","https://www.googleapis.com/auth/cloudplatformprojects.readonly","https://www.googleapis.com/auth/firebase","https://www.googleapis.com/auth/cloud-platform"]
[debug] [2020-01-21T11:50:11.901Z] > authorizing via signed-in user
[info] 
     ######## #### ########  ######## ########     ###     ######  ########
     ##        ##  ##     ## ##       ##     ##  ##   ##  ##       ##
     ######    ##  ########  ######   ########  #########  ######  ######
     ##        ##  ##    ##  ##       ##     ## ##     ##       ## ##
     ##       #### ##     ## ######## ########  ##     ##  ######  ########

You're about to initialize a Firebase project in this directory:

  /Users/abid.a/poc/moviesExpo

[debug] [2020-01-21T11:51:07.543Z] TypeError: Cannot read property 'setRawMode' of null
    at ReadStream.setRawMode (tty.js:66:28)
    at Interface._setRawMode (readline.js:251:16)
    at Interface.close (readline.js:376:10)
    at ReadStream.ontermend (readline.js:164:10)
    at ReadStream.emit (events.js:194:15)
    at ReadStream.EventEmitter.emit (domain.js:441:20)
    at endReadableNT (_stream_readable.js:1125:12)
    at process._tickCallback (internal/process/next_tick.js:63:19)
